0 info it worked if it ends with ok
1 verbose cli [ '/usr/local/nvm/versions/node/v8.9.4/bin/node',
1 verbose cli   '/usr/bin/npm',
1 verbose cli   'start' ]
2 info using npm@5.6.0
3 info using node@v8.9.4
4 verbose run-script [ 'prestart', 'start', 'poststart' ]
5 info lifecycle unknown_globe@0.0.1~prestart: unknown_globe@0.0.1
6 info lifecycle unknown_globe@0.0.1~start: unknown_globe@0.0.1
7 verbose lifecycle unknown_globe@0.0.1~start: unsafe-perm in lifecycle true
8 verbose lifecycle unknown_globe@0.0.1~start: PATH: /usr/local/nvm/versions/node/v8.9.4/lib/node_modules/npm/node_modules/npm-lifecycle/node-gyp-bin:/home/theologue/src/unknown-globe/blog/app/node_modules/.bin:/home/theologue/gopath/bin:/google/gopath/bin:/google/google-cloud-sdk/bin:/usr/local/go/bin:/opt/gradle/bin:/opt/maven/bin:/usr/local/sbin:/usr/local/bin:/usr/sbin:/usr/bin:/sbin:/bin::/google/go_appengine:/google/google_appengine
9 verbose lifecycle unknown_globe@0.0.1~start: CWD: /home/theologue/src/unknown-globe/blog/app
10 silly lifecycle unknown_globe@0.0.1~start: Args: [ '-c', 'node app.js' ]
11 silly lifecycle unknown_globe@0.0.1~start: Returned: code: 1  signal: null
12 info lifecycle unknown_globe@0.0.1~start: Failed to exec start script
13 verbose stack Error: unknown_globe@0.0.1 start: `node app.js`
13 verbose stack Exit status 1
13 verbose stack     at EventEmitter.<anonymous> (/usr/local/nvm/versions/node/v8.9.4/lib/node_modules/npm/node_modules/npm-lifecycle/index.js:285:16)
13 verbose stack     at emitTwo (events.js:126:13)
13 verbose stack     at EventEmitter.emit (events.js:214:7)
13 verbose stack     at ChildProcess.<anonymous> (/usr/local/nvm/versions/node/v8.9.4/lib/node_modules/npm/node_modules/npm-lifecycle/lib/spawn.js:55:14)
13 verbose stack     at emitTwo (events.js:126:13)
13 verbose stack     at ChildProcess.emit (events.js:214:7)
13 verbose stack     at maybeClose (internal/child_process.js:925:16)
13 verbose stack     at Process.ChildProcess._handle.onexit (internal/child_process.js:209:5)
14 verbose pkgid unknown_globe@0.0.1
15 verbose cwd /home/theologue/src/unknown-globe/blog/app
16 verbose Linux 3.16.0-5-amd64
17 verbose argv "/usr/local/nvm/versions/node/v8.9.4/bin/node" "/usr/bin/npm" "start"
18 verbose node v8.9.4
19 verbose npm  v5.6.0
20 error code ELIFECYCLE
21 error errno 1
22 error unknown_globe@0.0.1 start: `node app.js`
22 error Exit status 1
23 error Failed at the unknown_globe@0.0.1 start script.
23 error This is probably not a problem with npm. There is likely additional logging output above.
24 verbose exit [ 1, true ]
