0 info it worked if it ends with ok
1 verbose cli [ '/usr/local/nvm/versions/node/v8.9.4/bin/node',
1 verbose cli   '/usr/bin/npm',
1 verbose cli   'start' ]
2 info using npm@5.6.0
3 info using node@v8.9.4
4 verbose stack Error: Invalid name: "Unknown Globe"
4 verbose stack     at ensureValidName (/usr/local/nvm/versions/node/v8.9.4/lib/node_modules/npm/node_modules/normalize-package-data/lib/fixer.js:335:15)
4 verbose stack     at Object.fixNameField (/usr/local/nvm/versions/node/v8.9.4/lib/node_modules/npm/node_modules/normalize-package-data/lib/fixer.js:215:5)
4 verbose stack     at /usr/local/nvm/versions/node/v8.9.4/lib/node_modules/npm/node_modules/normalize-package-data/lib/normalize.js:32:38
4 verbose stack     at Array.forEach (<anonymous>)
4 verbose stack     at normalize (/usr/local/nvm/versions/node/v8.9.4/lib/node_modules/npm/node_modules/normalize-package-data/lib/normalize.js:31:15)
4 verbose stack     at final (/usr/local/nvm/versions/node/v8.9.4/lib/node_modules/npm/node_modules/read-package-json/read-json.js:395:5)
4 verbose stack     at then (/usr/local/nvm/versions/node/v8.9.4/lib/node_modules/npm/node_modules/read-package-json/read-json.js:160:5)
4 verbose stack     at /usr/local/nvm/versions/node/v8.9.4/lib/node_modules/npm/node_modules/read-package-json/read-json.js:280:12
4 verbose stack     at /usr/local/nvm/versions/node/v8.9.4/lib/node_modules/npm/node_modules/graceful-fs/graceful-fs.js:78:16
4 verbose stack     at FSReqWrap.readFileAfterClose [as oncomplete] (fs.js:511:3)
5 verbose cwd /home/theologue/src/unknown-globe/blog/app
6 verbose Linux 3.16.0-5-amd64
7 verbose argv "/usr/local/nvm/versions/node/v8.9.4/bin/node" "/usr/bin/npm" "start"
8 verbose node v8.9.4
9 verbose npm  v5.6.0
10 error Invalid name: "Unknown Globe"
11 verbose exit [ 1, true ]
